  stdafx.cpp
  Boss.cpp
  bullet.cpp
  BulletPool.cpp
  Enemy.cpp
  Main.cpp
  player.cpp
  ScoreItem.cpp
  ScoreItemPool.cpp
  sound.cpp
  speed.cpp
C:\Users\jjunk\source\repos\AIGamer\AIGamer\Boss.cpp(35,35): warning C4100: 'playerPos': 引数は関数の本体部で 1 度も参照されません。
  (ソース ファイル '/Boss.cpp' をコンパイルしています)
  
C:\Users\jjunk\source\repos\AIGamer\AIGamer\Boss.cpp(57,55): warning C4100: 'speedM': 引数は関数の本体部で 1 度も参照されません。
  (ソース ファイル '/Boss.cpp' をコンパイルしています)
  
     ライブラリ C:\Users\jjunk\source\repos\AIGamer\Intermediate\AIGamer\Release\AIGamer.lib とオブジェクト C:\Users\jjunk\source\repos\AIGamer\Intermediate\AIGamer\Release\AIGamer.exp を作成中
  コード生成しています。
  Previous IPDB not found, fall back to full compilation.
  All 2024 functions were compiled because no usable IPDB/IOBJ from previous compilation was found.
  コード生成が終了しました。
  AIGamer.vcxproj -> C:\Users\jjunk\source\repos\AIGamer\Intermediate\AIGamer\Release\AIGamer.exe
  C:\Users\jjunk\source\repos\AIGamer\Intermediate\AIGamer\Release\AIGamer.exe
  1 個のファイルをコピーしました
