c:\users\jjunk\source\repos\aigamer\intermediate\aigamer\release\intermediate\aigamer.pch
c:\users\jjunk\source\repos\aigamer\intermediate\aigamer\release\intermediate\vc143.pdb
c:\users\jjunk\source\repos\aigamer\intermediate\aigamer\release\intermediate\stdafx.obj
c:\users\jjunk\source\repos\aigamer\intermediate\aigamer\release\intermediate\enemy.obj
c:\users\jjunk\source\repos\aigamer\intermediate\aigamer\release\intermediate\player.obj
c:\users\jjunk\source\repos\aigamer\intermediate\aigamer\release\intermediate\speed.obj
c:\users\jjunk\source\repos\aigamer\intermediate\aigamer\release\intermediate\bullet.obj
c:\users\jjunk\source\repos\aigamer\intermediate\aigamer\release\intermediate\scoreitem.obj
c:\users\jjunk\source\repos\aigamer\intermediate\aigamer\release\intermediate\scoreitempool.obj
c:\users\jjunk\source\repos\aigamer\intermediate\aigamer\release\intermediate\main.obj
c:\users\jjunk\source\repos\aigamer\intermediate\aigamer\release\intermediate\sound.obj
c:\users\jjunk\source\repos\aigamer\intermediate\aigamer\release\intermediate\bulletpool.obj
c:\users\jjunk\source\repos\aigamer\intermediate\aigamer\release\intermediate\boss.obj
c:\users\jjunk\source\repos\aigamer\intermediate\aigamer\release\aigamer.exe
c:\users\jjunk\source\repos\aigamer\intermediate\aigamer\release\aigamer.pdb
c:\users\jjunk\source\repos\aigamer\intermediate\aigamer\release\intermediate\resource.res
c:\users\jjunk\source\repos\aigamer\intermediate\aigamer\release\aigamer.lib
c:\users\jjunk\source\repos\aigamer\intermediate\aigamer\release\aigamer.exp
c:\users\jjunk\source\repos\aigamer\intermediate\aigamer\release\intermediate\aigamer.ipdb
c:\users\jjunk\source\repos\aigamer\intermediate\aigamer\release\intermediate\aigamer.iobj
c:\users\jjunk\source\repos\aigamer\intermediate\aigamer\release\intermediate\aigamer.vcxproj.filelistabsolute.txt
c:\users\jjunk\source\repos\aigamer\intermediate\aigamer\release\intermediate\aigamer.tlog\cl.command.1.tlog
c:\users\jjunk\source\repos\aigamer\intermediate\aigamer\release\intermediate\aigamer.tlog\cl.items.tlog
c:\users\jjunk\source\repos\aigamer\intermediate\aigamer\release\intermediate\aigamer.tlog\cl.read.1.tlog
c:\users\jjunk\source\repos\aigamer\intermediate\aigamer\release\intermediate\aigamer.tlog\cl.write.1.tlog
c:\users\jjunk\source\repos\aigamer\intermediate\aigamer\release\intermediate\aigamer.tlog\link.command.1.tlog
c:\users\jjunk\source\repos\aigamer\intermediate\aigamer\release\intermediate\aigamer.tlog\link.read.1.tlog
c:\users\jjunk\source\repos\aigamer\intermediate\aigamer\release\intermediate\aigamer.tlog\link.secondary.1.tlog
c:\users\jjunk\source\repos\aigamer\intermediate\aigamer\release\intermediate\aigamer.tlog\link.write.1.tlog
c:\users\jjunk\source\repos\aigamer\intermediate\aigamer\release\intermediate\aigamer.tlog\rc.command.1.tlog
c:\users\jjunk\source\repos\aigamer\intermediate\aigamer\release\intermediate\aigamer.tlog\rc.read.1.tlog
c:\users\jjunk\source\repos\aigamer\intermediate\aigamer\release\intermediate\aigamer.tlog\rc.write.1.tlog
